THERE_BE_DRAGONS_HERE

15 May 2018 3:11:56.001534 pm

VM: Mac OS - intel - 1013.4 - CoInterpreter VMMaker.oscog-eem.2254 uuid: 4f2c2cce-f4a2-469a-93f1-97ed941df0ad Jul 20 2017
StackToRegisterMappingCogit VMMaker.oscog-eem.2252 uuid: 2f3e9b0e-ecd3-4adf-b092-cce2e2587a5c Jul 20 2017
VM: 201707201942 https://github.com/OpenSmalltalk/opensmalltalk-vm.git $ Date: Thu Jul 20 12:42:21 2017 -0700 $ Plugins: 201707201942 https://github.com/OpenSmalltalk/opensmalltalk-vm.git $

Image: Pharo5.0 [Latest update: #50759]

Process>>terminate
	Receiver: a Process in Process>>terminate
	Arguments and temporary variables: 
		ctxt: 	nil
		unwindBlock: 	nil
		oldList: 	nil
	Receiver's instance variables: 
		nextLink: 	nil
		suspendedContext: 	Process>>terminate
		priority: 	40
		myList: 	nil
		name: 	nil
		env: 	nil
		effectiveProcess: 	nil
		terminating: 	true


NECController>>stopCompletionDelay
	Receiver: a NECController
	Arguments and temporary variables: 

	Receiver's instance variables: 
		model: 	a GLMRubricSmalltalkTextModel
		menuMorph: 	nil
		editor: 	a RubSmalltalkEditor
		context: 	nil
		inverseMapping: 	a Dictionary($"->$" $'->$' $)->$( $]->$[ $}->${ )
		completionDelay: 	a Process in Process>>terminate


NECController>>closeMenu
	Receiver: a NECController
	Arguments and temporary variables: 

	Receiver's instance variables: 
		model: 	a GLMRubricSmalltalkTextModel
		menuMorph: 	nil
		editor: 	a RubSmalltalkEditor
		context: 	nil
		inverseMapping: 	a Dictionary($"->$" $'->$' $)->$( $]->$[ $}->${ )
		completionDelay: 	a Process in Process>>terminate


MessageSend>>value
	Receiver: MessageSend(#closeMenu -> a NECController)
	Arguments and temporary variables: 

	Receiver's instance variables: 
		receiver: 	a NECController
		selector: 	#closeMenu
		arguments: 	#()


MessageSend>>cull:
	Receiver: MessageSend(#closeMenu -> a NECController)
	Arguments and temporary variables: 
		arg: 	a MorphLostFocus
	Receiver's instance variables: 
		receiver: 	a NECController
		selector: 	#closeMenu
		arguments: 	#()


MessageSend>>cull:cull:
	Receiver: MessageSend(#closeMenu -> a NECController)
	Arguments and temporary variables: 
		arg1: 	a MorphLostFocus
		arg2: 	an Announcer
	Receiver's instance variables: 
		receiver: 	a NECController
		selector: 	#closeMenu
		arguments: 	#()


[ action cull: anAnnouncement cull: announcer ] in AnnouncementSubscription>>deliver:
	Receiver: an AnnouncementSubscription
	Arguments and temporary variables: 
		anAnnouncement: 	a MorphLostFocus
	Receiver's instance variables: 
		announcer: 	an Announcer
		announcementClass: 	MorphLostFocus
		subscriber: 	a NECController
		action: 	MessageSend(#closeMenu -> a NECController)


BlockClosure>>on:do:
	Receiver: [ action cull: anAnnouncement cull: announcer ]
	Arguments and temporary variables: 
		exception: 	UnhandledError
		handlerAction: 	[ :ex | 
| copy onDoCtx process handler bottom thisCtx |
onDoCtx...etc...
	Receiver's instance variables: 
		outerContext: 	AnnouncementSubscription>>deliver:
		startpc: 	47
		numArgs: 	0


BlockClosure>>on:fork:
	Receiver: [ action cull: anAnnouncement cull: announcer ]
	Arguments and temporary variables: 
		exception: 	UnhandledError
		handlerAction: 	[ :ex | ex pass ]
	Receiver's instance variables: 
		outerContext: 	AnnouncementSubscription>>deliver:
		startpc: 	47
		numArgs: 	0


AnnouncementSubscription>>deliver:
	Receiver: an AnnouncementSubscription
	Arguments and temporary variables: 
		anAnnouncement: 	a MorphLostFocus
	Receiver's instance variables: 
		announcer: 	an Announcer
		announcementClass: 	MorphLostFocus
		subscriber: 	a NECController
		action: 	MessageSend(#closeMenu -> a NECController)


[ subscription deliver: anAnnouncement ] in SubscriptionRegistry>>deliver:to:startingAt:
	Receiver: a SubscriptionRegistry
	Arguments and temporary variables: 
		anAnnouncement: 	a MorphLostFocus
		subs: 	an Array(an AnnouncementSubscription an AnnouncementSubscription an Annou...etc...
		startIndex: 	1
		index: 	4
		subscription: 	an AnnouncementSubscription
	Receiver's instance variables: 
		subscriptions: 	an IdentitySet(an AnnouncementSubscription an AnnouncementSubscr...etc...
		monitor: 	a Semaphore()


BlockClosure>>ifCurtailed:
	Receiver: [ subscription deliver: anAnnouncement ]
	Arguments and temporary variables: 
		aBlock: 	[ self deliver: anAnnouncement to: subs startingAt: index + 1 ]
		complete: 	nil
		result: 	nil
	Receiver's instance variables: 
		outerContext: 	SubscriptionRegistry>>deliver:to:startingAt:
		startpc: 	54
		numArgs: 	0


SubscriptionRegistry>>deliver:to:startingAt:
	Receiver: a SubscriptionRegistry
	Arguments and temporary variables: 
		anAnnouncement: 	a MorphLostFocus
		subs: 	an Array(an AnnouncementSubscription an AnnouncementSubscription an Annou...etc...
		startIndex: 	1
		subscription: 	an AnnouncementSubscription
		index: 	4
	Receiver's instance variables: 
		subscriptions: 	an IdentitySet(an AnnouncementSubscription an AnnouncementSubscr...etc...
		monitor: 	a Semaphore()


SubscriptionRegistry>>deliver:to:
	Receiver: a SubscriptionRegistry
	Arguments and temporary variables: 
		anAnnouncement: 	a MorphLostFocus
		subs: 	an Array(an AnnouncementSubscription an AnnouncementSubscription an Annou...etc...
	Receiver's instance variables: 
		subscriptions: 	an IdentitySet(an AnnouncementSubscription an AnnouncementSubscr...etc...
		monitor: 	a Semaphore()


SubscriptionRegistry>>deliver:
	Receiver: a SubscriptionRegistry
	Arguments and temporary variables: 
		interestedSubscriptions: 	an Array(an AnnouncementSubscription an AnnouncementSu...etc...
		anAnnouncement: 	a MorphLostFocus
	Receiver's instance variables: 
		subscriptions: 	an IdentitySet(an AnnouncementSubscription an AnnouncementSubscr...etc...
		monitor: 	a Semaphore()


Announcer>>announce:
	Receiver: an Announcer
	Arguments and temporary variables: 
		anAnnouncement: 	a MorphLostFocus
		announcement: 	a MorphLostFocus
	Receiver's instance variables: 
		registry: 	a SubscriptionRegistry


RubEditingArea(Morph)>>doAnnounce:
	Receiver: a RubEditingArea(20691200)
	Arguments and temporary variables: 
		anAnnouncement: 	a MorphLostFocus
	Receiver's instance variables: 
		bounds: 	(0@0) corner: (355@88)
		owner: 	a TransformWithLayoutMorph(941884928)
		submorphs: 	an Array(a RubPrimarySelectionMorph(571005440) a RubCursor(645886720...etc...
		fullBounds: 	(0@0) corner: (355@88)
		color: 	Color transparent
		extension: 	a MorphExtension (964424192) [other:  (announcer -> an Announcer) (k...etc...
		model: 	a GLMRubricSmalltalkTextModel
		paragraph: 	a RubShoutStylerDecorator
		editor: 	a RubSmalltalkEditor
		scrollPane: 	a RubTextScrollPane(999588608)
		editingState: 	a RubEditingState
		textStyle: 	a TextStyle Source Code Pro
		textColor: 	Color black
		margins: 	(6@6) corner: (6@6)
		readOnly: 	false
		menuAllowed: 	true
		editingMode: 	a RubSmalltalkScriptingMode
		cursor: 	a RubCursor(645886720)
		segments: 	an OrderedCollection()
		getMenuPolicy: 	a RubEditingArea(20691200)
		mouseDownPoint: 	(314@49)
		wrapped: 	true
		editorClass: 	RubSmalltalkEditor


RubEditingArea(Morph)>>announceKeyboardFocusChange:
	Receiver: a RubEditingArea(20691200)
	Arguments and temporary variables: 
		gotFocus: 	false
		announcement: 	a MorphLostFocus
	Receiver's instance variables: 
		bounds: 	(0@0) corner: (355@88)
		owner: 	a TransformWithLayoutMorph(941884928)
		submorphs: 	an Array(a RubPrimarySelectionMorph(571005440) a RubCursor(645886720...etc...
		fullBounds: 	(0@0) corner: (355@88)
		color: 	Color transparent
		extension: 	a MorphExtension (964424192) [other:  (announcer -> an Announcer) (k...etc...
		model: 	a GLMRubricSmalltalkTextModel
		paragraph: 	a RubShoutStylerDecorator
		editor: 	a RubSmalltalkEditor
		scrollPane: 	a RubTextScrollPane(999588608)
		editingState: 	a RubEditingState
		textStyle: 	a TextStyle Source Code Pro
		textColor: 	Color black
		margins: 	(6@6) corner: (6@6)
		readOnly: 	false
		menuAllowed: 	true
		editingMode: 	a RubSmalltalkScriptingMode
		cursor: 	a RubCursor(645886720)
		segments: 	an OrderedCollection()
		getMenuPolicy: 	a RubEditingArea(20691200)
		mouseDownPoint: 	(314@49)
		wrapped: 	true
		editorClass: 	RubSmalltalkEditor


RubEditingArea(Morph)>>keyboardFocusChange:
	Receiver: a RubEditingArea(20691200)
	Arguments and temporary variables: 
		gotFocus: 	false
	Receiver's instance variables: 
		bounds: 	(0@0) corner: (355@88)
		owner: 	a TransformWithLayoutMorph(941884928)
		submorphs: 	an Array(a RubPrimarySelectionMorph(571005440) a RubCursor(645886720...etc...
		fullBounds: 	(0@0) corner: (355@88)
		color: 	Color transparent
		extension: 	a MorphExtension (964424192) [other:  (announcer -> an Announcer) (k...etc...
		model: 	a GLMRubricSmalltalkTextModel
		paragraph: 	a RubShoutStylerDecorator
		editor: 	a RubSmalltalkEditor
		scrollPane: 	a RubTextScrollPane(999588608)
		editingState: 	a RubEditingState
		textStyle: 	a TextStyle Source Code Pro
		textColor: 	Color black
		margins: 	(6@6) corner: (6@6)
		readOnly: 	false
		menuAllowed: 	true
		editingMode: 	a RubSmalltalkScriptingMode
		cursor: 	a RubCursor(645886720)
		segments: 	an OrderedCollection()
		getMenuPolicy: 	a RubEditingArea(20691200)
		mouseDownPoint: 	(314@49)
		wrapped: 	true
		editorClass: 	RubSmalltalkEditor


RubEditingArea(RubAbstractTextArea)>>keyboardFocusChange:
	Receiver: a RubEditingArea(20691200)
	Arguments and temporary variables: 
		aBoolean: 	false
	Receiver's instance variables: 
		bounds: 	(0@0) corner: (355@88)
		owner: 	a TransformWithLayoutMorph(941884928)
		submorphs: 	an Array(a RubPrimarySelectionMorph(571005440) a RubCursor(645886720...etc...
		fullBounds: 	(0@0) corner: (355@88)
		color: 	Color transparent
		extension: 	a MorphExtension (964424192) [other:  (announcer -> an Announcer) (k...etc...
		model: 	a GLMRubricSmalltalkTextModel
		paragraph: 	a RubShoutStylerDecorator
		editor: 	a RubSmalltalkEditor
		scrollPane: 	a RubTextScrollPane(999588608)
		editingState: 	a RubEditingState
		textStyle: 	a TextStyle Source Code Pro
		textColor: 	Color black
		margins: 	(6@6) corner: (6@6)
		readOnly: 	false
		menuAllowed: 	true
		editingMode: 	a RubSmalltalkScriptingMode
		cursor: 	a RubCursor(645886720)
		segments: 	an OrderedCollection()
		getMenuPolicy: 	a RubEditingArea(20691200)
		mouseDownPoint: 	(314@49)
		wrapped: 	true
		editorClass: 	RubSmalltalkEditor


HandMorph>>newKeyboardFocus:
	Receiver: a HandMorph(803536896)
	Arguments and temporary variables: 
		aMorphOrNil: 	nil
		oldFocus: 	a RubEditingArea(20691200)
	Receiver's instance variables: 
		bounds: 	(89@96.0) corner: (105@112.0)
		owner: 	a WorldMorph(562956288) [world]
		submorphs: 	#()
		fullBounds: 	nil
		color: 	Color blue
		extension: 	a MorphExtension (325296896)
		mouseFocus: 	nil
		keyboardFocus: 	nil
		eventListeners: 	nil
		mouseListeners: 	nil
		keyboardListeners: 	nil
		mouseClickState: 	a MouseClickState[#firstClickUp]
		mouseOverHandler: 	a MouseOverHandler
		lastMouseEvent: 	[(89@96) mouseOver nil nil]
		targetOffset: 	(24.0@12.0)
		damageRecorder: 	a DamageRecorder
		cacheCanvas: 	nil
		cachedCanvasHasHoles: 	false
		temporaryCursor: 	nil
		temporaryCursorOffset: 	nil
		hardwareCursor: 	nil
		hasChanged: 	true
		savedPatch: 	nil
		lastEventBuffer: 	#(1 28530 89 96 0 0 0 1)
		lastKeyScanCode: 	1
		combinedChar: 	nil
		eventSource: 	nil
		lastSystemEvent: 	nil
		captureBlock: 	nil
		recentModifiers: 	0


HandMorph>>releaseKeyboardFocus
	Receiver: a HandMorph(803536896)
	Arguments and temporary variables: 

	Receiver's instance variables: 
		bounds: 	(89@96.0) corner: (105@112.0)
		owner: 	a WorldMorph(562956288) [world]
		submorphs: 	#()
		fullBounds: 	nil
		color: 	Color blue
		extension: 	a MorphExtension (325296896)
		mouseFocus: 	nil
		keyboardFocus: 	nil
		eventListeners: 	nil
		mouseListeners: 	nil
		keyboardListeners: 	nil
		mouseClickState: 	a MouseClickState[#firstClickUp]
		mouseOverHandler: 	a MouseOverHandler
		lastMouseEvent: 	[(89@96) mouseOver nil nil]
		targetOffset: 	(24.0@12.0)
		damageRecorder: 	a DamageRecorder
		cacheCanvas: 	nil
		cachedCanvasHasHoles: 	false
		temporaryCursor: 	nil
		temporaryCursorOffset: 	nil
		hardwareCursor: 	nil
		hasChanged: 	true
		savedPatch: 	nil
		lastEventBuffer: 	#(1 28530 89 96 0 0 0 1)
		lastKeyScanCode: 	1
		combinedChar: 	nil
		eventSource: 	nil
		lastSystemEvent: 	nil
		captureBlock: 	nil
		recentModifiers: 	0


[ :hand | hand releaseKeyboardFocus ] in WorldMorph>>viewBox:
	Receiver: a WorldMorph(562956288) [world]
	Arguments and temporary variables: 
		newViewBox: 	(0@0) corner: (1920@1041)
		hand: 	a HandMorph(803536896)
	Receiver's instance variables: 
		bounds: 	(0@0) corner: (1920@1041)
		owner: 	nil
		submorphs: 	an Array(a TaskbarMorph(804941056) a GLMSystemWindow(316305920) a Na...etc...
		fullBounds: 	nil
		color: 	(Color r: 0.937 g: 0.937 b: 0.937 alpha: 1.0)
		extension: 	a MorphExtension (302657792) [other:  (dragEnabled -> true) (dropEna...etc...
		borderWidth: 	0
		borderColor: 	(Color r: 0.861 g: 1.0 b: 0.722 alpha: 1.0)
		backgroundMorph: 	nil
		worldState: 	a WorldState
		griddingOn: 	nil
		osWindow: 	nil
		session: 	nil


Array(SequenceableCollection)>>do:
	Receiver: an Array(a HandMorph(803536896))
	Arguments and temporary variables: 
		aBlock: 	[ :hand | hand releaseKeyboardFocus ]
		index: 	1
	Receiver's instance variables: 
an Array(a HandMorph(803536896))

WorldState>>handsDo:
	Receiver: a WorldState
	Arguments and temporary variables: 
		aBlock: 	[ :hand | hand releaseKeyboardFocus ]
	Receiver's instance variables: 
		hands: 	an Array(a HandMorph(803536896))
		viewBox: 	(0@0) corner: (1920@1041)
		canvas: 	nil
		damageRecorder: 	a DamageRecorder
		stepList: 	a Heap(StepMessage(#stepAt: -> a SearchMorph(439521536))(a SearchMorp...etc...
		lastStepTime: 	28539
		lastStepMessage: 	nil
		lastCycleTime: 	28530
		alarms: 	a Heap()
		lastAlarmTime: 	28539
		menuBuilder: 	a PragmaMenuBuilder ( nil ) 


WorldMorph>>viewBox:
	Receiver: a WorldMorph(562956288) [world]
	Arguments and temporary variables: 
		newViewBox: 	(0@0) corner: (1920@1041)
	Receiver's instance variables: 
		bounds: 	(0@0) corner: (1920@1041)
		owner: 	nil
		submorphs: 	an Array(a TaskbarMorph(804941056) a GLMSystemWindow(316305920) a Na...etc...
		fullBounds: 	nil
		color: 	(Color r: 0.937 g: 0.937 b: 0.937 alpha: 1.0)
		extension: 	a MorphExtension (302657792) [other:  (dragEnabled -> true) (dropEna...etc...
		borderWidth: 	0
		borderColor: 	(Color r: 0.861 g: 1.0 b: 0.722 alpha: 1.0)
		backgroundMorph: 	nil
		worldState: 	a WorldState
		griddingOn: 	nil
		osWindow: 	nil
		session: 	nil


WorldMorph(PasteUpMorph)>>restoreMorphicDisplay
	Receiver: a WorldMorph(562956288) [world]
	Arguments and temporary variables: 

	Receiver's instance variables: 
		bounds: 	(0@0) corner: (1920@1041)
		owner: 	nil
		submorphs: 	an Array(a TaskbarMorph(804941056) a GLMSystemWindow(316305920) a Na...etc...
		fullBounds: 	nil
		color: 	(Color r: 0.937 g: 0.937 b: 0.937 alpha: 1.0)
		extension: 	a MorphExtension (302657792) [other:  (dragEnabled -> true) (dropEna...etc...
		borderWidth: 	0
		borderColor: 	(Color r: 0.861 g: 1.0 b: 0.722 alpha: 1.0)
		backgroundMorph: 	nil
		worldState: 	a WorldState
		griddingOn: 	nil
		osWindow: 	nil
		session: 	nil


WorldMorph class>>startUp
	Receiver: WorldMorph
	Arguments and temporary variables: 
		world: 	a WorldMorph(562956288) [world]
	Receiver's instance variables: 
		superclass: 	PasteUpMorph
		methodDict: 	a MethodDictionary(#acceptDroppingMorph:event:->WorldMorph>>#accept...etc...
		format: 	65549
		layout: 	a FixedLayout
		instanceVariables: 	nil
		organization: 	a ClassOrganization
		subclasses: 	{AthensWorldMorph}
		name: 	#WorldMorph
		classPool: 	a Dictionary()
		sharedPools: 	an OrderedCollection()
		environment: 	a SystemDictionary(lots of globals)
		category: 	#'Morphic-Core-Worlds'
		traitComposition: 	{}
		localSelectors: 	nil
		announcer: 	nil


WorldMorph class(Behavior)>>startUp:
	Receiver: WorldMorph
	Arguments and temporary variables: 
		resuming: 	true
	Receiver's instance variables: 
		superclass: 	PasteUpMorph
		methodDict: 	a MethodDictionary(#acceptDroppingMorph:event:->WorldMorph>>#accept...etc...
		format: 	65549
		layout: 	a FixedLayout
		instanceVariables: 	nil
		organization: 	a ClassOrganization
		subclasses: 	{AthensWorldMorph}
		name: 	#WorldMorph
		classPool: 	a Dictionary()
		sharedPools: 	an OrderedCollection()
		environment: 	a SystemDictionary(lots of globals)
		category: 	#'Morphic-Core-Worlds'
		traitComposition: 	{}
		localSelectors: 	nil
		announcer: 	nil


ClassSessionHandler>>startup:
	Receiver: a ClassSessionHandler(WorldMorph)
	Arguments and temporary variables: 
		isImageStarting: 	true
	Receiver's instance variables: 
		registeredClassName: 	#WorldMorph


[ :each | each startup: isImageStarting ] in WorkingSession>>runStartup:
	Receiver: a WorkingSession
	Arguments and temporary variables: 
		isImageStarting: 	true
		each: 	a ClassSessionHandler(WorldMorph)
	Receiver's instance variables: 
		manager: 	a SessionManager
		deferredStartupActions: 	an OrderedCollection([ self new activate ] [ self manag...etc...
		id: 	an UUID('ca2fc7f5-e302-4d1a-91ed-9453e7ee2e72')
		creationTime: 	2018-05-15T15:11:55.753473+02:00


[ aBlock value: each ] in [ :each | 
[ aBlock value: each ]
	on: Exception
	do: [ :error | self errorHandler handleError: error ] ] in WorkingSession>>runList:do:
	Receiver: a WorkingSession
	Arguments and temporary variables: 
		aList: 	an Array(a ClassSessionHandler(SmallInteger) a ClassSessionHandler(Delay...etc...
		aBlock: 	[ :each | each startup: isImageStarting ]
		each: 	a ClassSessionHandler(WorldMorph)
	Receiver's instance variables: 
		manager: 	a SessionManager
		deferredStartupActions: 	an OrderedCollection([ self new activate ] [ self manag...etc...
		id: 	an UUID('ca2fc7f5-e302-4d1a-91ed-9453e7ee2e72')
		creationTime: 	2018-05-15T15:11:55.753473+02:00


BlockClosure>>on:do:
	Receiver: [ aBlock value: each ]
	Arguments and temporary variables: 
		exception: 	Exception
		handlerAction: 	[ :error | self errorHandler handleError: error ]
	Receiver's instance variables: 
		outerContext: 	[ :each | 
[ aBlock value: each ]
	on: Exception
	do: [ :error | ...etc...
		startpc: 	41
		numArgs: 	0


[ :each | 
[ aBlock value: each ]
	on: Exception
	do: [ :error | self errorHandler handleError: error ] ] in WorkingSession>>runList:do:
	Receiver: a WorkingSession
	Arguments and temporary variables: 
		aList: 	an Array(a ClassSessionHandler(SmallInteger) a ClassSessionHandler(Delay...etc...
		aBlock: 	[ :each | each startup: isImageStarting ]
		each: 	a ClassSessionHandler(WorldMorph)
	Receiver's instance variables: 
		manager: 	a SessionManager
		deferredStartupActions: 	an OrderedCollection([ self new activate ] [ self manag...etc...
		id: 	an UUID('ca2fc7f5-e302-4d1a-91ed-9453e7ee2e72')
		creationTime: 	2018-05-15T15:11:55.753473+02:00


Array(SequenceableCollection)>>do:
	Receiver: an Array(a ClassSessionHandler(SmallInteger) a ClassSessionHandler(Delay) a ClassSessionHa...etc...
	Arguments and temporary variables: 
		aBlock: 	[ :each | 
[ aBlock value: each ]
	on: Exception
	do: [ :error | self e...etc...
		index: 	45
	Receiver's instance variables: 
an Array(a ClassSessionHandler(SmallInteger) a ClassSessionHandler(Delay) a ClassSessionHa...etc...

WorkingSession>>runList:do:
	Receiver: a WorkingSession
	Arguments and temporary variables: 
		aList: 	an Array(a ClassSessionHandler(SmallInteger) a ClassSessionHandler(Delay...etc...
		aBlock: 	[ :each | each startup: isImageStarting ]
	Receiver's instance variables: 
		manager: 	a SessionManager
		deferredStartupActions: 	an OrderedCollection([ self new activate ] [ self manag...etc...
		id: 	an UUID('ca2fc7f5-e302-4d1a-91ed-9453e7ee2e72')
		creationTime: 	2018-05-15T15:11:55.753473+02:00


WorkingSession>>runStartup:
	Receiver: a WorkingSession
	Arguments and temporary variables: 
		isImageStarting: 	true
	Receiver's instance variables: 
		manager: 	a SessionManager
		deferredStartupActions: 	an OrderedCollection([ self new activate ] [ self manag...etc...
		id: 	an UUID('ca2fc7f5-e302-4d1a-91ed-9453e7ee2e72')
		creationTime: 	2018-05-15T15:11:55.753473+02:00


WorkingSession>>start:
	Receiver: a WorkingSession
	Arguments and temporary variables: 
		isImageStarting: 	true
	Receiver's instance variables: 
		manager: 	a SessionManager
		deferredStartupActions: 	an OrderedCollection([ self new activate ] [ self manag...etc...
		id: 	an UUID('ca2fc7f5-e302-4d1a-91ed-9453e7ee2e72')
		creationTime: 	2018-05-15T15:11:55.753473+02:00


SessionManager>>snapshot:andQuit:
	Receiver: a SessionManager
	Arguments and temporary variables: 
		save: 	true
		quit: 	true
		isImageStarting: 	true
		snapshotResult: 	true
	Receiver's instance variables: 
		currentSession: 	a WorkingSession
		categories: 	an OrderedCollection(a SessionCategory(System) a SessionCategory(Ne...etc...
		guiCategory: 	a SessionCategory(Graphical User Interface)
		toolsCategory: 	a SessionCategory(Tools)
		networkCategory: 	a SessionCategory(Network)
		systemCategory: 	a SessionCategory(System)
		userCategory: 	a SessionCategory(User)



--- The full stack ---
Process>>terminate
NECController>>stopCompletionDelay
NECController>>closeMenu
MessageSend>>value
MessageSend>>cull:
MessageSend>>cull:cull:
[ action cull: anAnnouncement cull: announcer ] in AnnouncementSubscription>>deliver:
BlockClosure>>on:do:
BlockClosure>>on:fork:
AnnouncementSubscription>>deliver:
[ subscription deliver: anAnnouncement ] in SubscriptionRegistry>>deliver:to:startingAt:
BlockClosure>>ifCurtailed:
SubscriptionRegistry>>deliver:to:startingAt:
SubscriptionRegistry>>deliver:to:
SubscriptionRegistry>>deliver:
Announcer>>announce:
RubEditingArea(Morph)>>doAnnounce:
RubEditingArea(Morph)>>announceKeyboardFocusChange:
RubEditingArea(Morph)>>keyboardFocusChange:
RubEditingArea(RubAbstractTextArea)>>keyboardFocusChange:
HandMorph>>newKeyboardFocus:
HandMorph>>releaseKeyboardFocus
[ :hand | hand releaseKeyboardFocus ] in WorldMorph>>viewBox:
Array(SequenceableCollection)>>do:
WorldState>>handsDo:
WorldMorph>>viewBox:
WorldMorph(PasteUpMorph)>>restoreMorphicDisplay
WorldMorph class>>startUp
WorldMorph class(Behavior)>>startUp:
ClassSessionHandler>>startup:
[ :each | each startup: isImageStarting ] in WorkingSession>>runStartup:
[ aBlock value: each ] in [ :each | 
[ aBlock value: each ]
	on: Exception
	do: [ :error | self errorHandler handleError: error ] ] in WorkingSession>>runList:do:
BlockClosure>>on:do:
[ :each | 
[ aBlock value: each ]
	on: Exception
	do: [ :error | self errorHandler handleError: error ] ] in WorkingSession>>runList:do:
Array(SequenceableCollection)>>do:
WorkingSession>>runList:do:
WorkingSession>>runStartup:
WorkingSession>>start:
SessionManager>>snapshot:andQuit:
 - - - - - - - - - - - - - - -  
			- - - - - - - - - - - - - - - - - -
SmalltalkImage>>snapshot:andQuit:
WorldState class>>quitSession
WorldMorph(PasteUpMorph)>>windowEvent:
WorldMorph(Morph)>>handleWindowEvent:
WindowEvent>>sentTo:
WorldMorph(Morph)>>handleEvent:
MorphicEventDispatcher>>dispatchWindowEvent:with:
MorphicEventDispatcher>>handleWindowEvent:
WindowEvent>>sentTo:
[ ^ anEvent sentTo: self ] in MorphicEventDispatcher>>dispatchEvent:with:
BlockClosure>>ensure:
MorphicEventDispatcher>>dispatchEvent:with:
WorldMorph(Morph)>>processEvent:using:
WorldMorph(Morph)>>processEvent:
HandMorph>>sendEvent:focus:clear:
HandMorph>>sendEvent:focus:
HandMorph>>handleEvent:
HandMorph>>processEvents
[ :h | 
ActiveHand := h.
h processEvents.
ActiveHand := nil ] in WorldState>>doOneCycleNowFor:
Array(SequenceableCollection)>>do:
WorldState>>handsDo:
WorldState>>doOneCycleNowFor:
WorldState>>doOneCycleFor:
WorldMorph>>doOneCycle
[ [ World doOneCycle.
Processor yield.
false ] whileFalse: [  ] ] in MorphicUIManager>>spawnNewProcess
[ self value.
Processor terminateActive ] in BlockClosure>>newProcess
-------------------------------------------------------------------------------

